# JRE version: OpenJDK Runtime Environment Temurin-17.0.2+8 (17.0.2+8) (build 17.0.2+8)
# Java VM: OpenJDK 64-Bit Server VM Temurin-17.0.2+8 (17.0.2+8, mixed mode, sharing, tiered, compressed oops, compressed class ptrs, g1 gc, windows-amd64)
GC Precious Log:
 CPUs: 4 total, 4 available
 Memory: 7935M
 Large Page Support: Disabled
 NUMA Support: Disabled
 Compressed Oops: Enabled (32-bit)
 Heap Region Size: 1M
 Heap Min Capacity: 8M
 Heap Initial Capacity: 124M
 Heap Max Capacity: 1984M
 Pre-touch: Disabled
 Parallel Workers: 4
 Concurrent Workers: 1
 Concurrent Refinement Workers: 4
 Periodic GC: Disabled
Heap:
 garbage-first heap   total 126976K, used 69055K [0x0000000084000000, 0x0000000100000000)
  region size 1024K, 59 young (60416K), 5 survivors (5120K)
 Metaspace       used 17301K, committed 17536K, reserved 1064960K
  class space    used 1830K, committed 1984K, reserved 1048576K
GC Heap History (8 events):
Event: 0.715 GC heap before
{Heap before GC invocations=0 (full 0):
 garbage-first heap   total 126976K, used 13312K [0x0000000084000000, 0x0000000100000000)
  region size 1024K, 13 young (13312K), 0 survivors (0K)
 Metaspace       used 3648K, committed 3776K, reserved 1056768K
  class space    used 389K, committed 448K, reserved 1048576K
}
Event: 0.721 GC heap after
{Heap after GC invocations=1 (full 0):
 garbage-first heap   total 126976K, used 2836K [0x0000000084000000, 0x0000000100000000)
  region size 1024K, 2 young (2048K), 2 survivors (2048K)
 Metaspace       used 3648K, committed 3776K, reserved 1056768K
  class space    used 389K, committed 448K, reserved 1048576K
}
Event: 1.135 GC heap before
{Heap before GC invocations=1 (full 0):
 garbage-first heap   total 126976K, used 18196K [0x0000000084000000, 0x0000000100000000)
  region size 1024K, 17 young (17408K), 2 survivors (2048K)
 Metaspace       used 5664K, committed 5824K, reserved 1056768K
  class space    used 661K, committed 704K, reserved 1048576K
}
Event: 1.141 GC heap after
{Heap after GC invocations=2 (full 0):
 garbage-first heap   total 126976K, used 3813K [0x0000000084000000, 0x0000000100000000)
  region size 1024K, 1 young (1024K), 1 survivors (1024K)
 Metaspace       used 5664K, committed 5824K, reserved 1056768K
  class space    used 661K, committed 704K, reserved 1048576K
}
Event: 2.893 GC heap before
{Heap before GC invocations=2 (full 0):
 garbage-first heap   total 126976K, used 78565K [0x0000000084000000, 0x0000000100000000)
  region size 1024K, 74 young (75776K), 1 survivors (1024K)
 Metaspace       used 12492K, committed 12672K, reserved 1064960K
  class space    used 1426K, committed 1536K, reserved 1048576K
}
Event: 2.916 GC heap after
{Heap after GC invocations=3 (full 0):
 garbage-first heap   total 126976K, used 10800K [0x0000000084000000, 0x0000000100000000)
  region size 1024K, 8 young (8192K), 8 survivors (8192K)
 Metaspace       used 12492K, committed 12672K, reserved 1064960K
  class space    used 1426K, committed 1536K, reserved 1048576K
}
Event: 4.126 GC heap before
{Heap before GC invocations=3 (full 0):
 garbage-first heap   total 126976K, used 107056K [0x0000000084000000, 0x0000000100000000)
  region size 1024K, 71 young (72704K), 8 survivors (8192K)
 Metaspace       used 14354K, committed 14592K, reserved 1064960K
  class space    used 1562K, committed 1664K, reserved 1048576K
}
Event: 4.150 GC heap after
{Heap after GC invocations=4 (full 0):
 garbage-first heap   total 126976K, used 14783K [0x0000000084000000, 0x0000000100000000)
  region size 1024K, 5 young (5120K), 5 survivors (5120K)
 Metaspace       used 14354K, committed 14592K, reserved 1064960K
  class space    used 1562K, committed 1664K, reserved 1048576K
}

